make all --print-data-base --no-builtin-variables --no-builtin-rules --question
# GNU Make 4.3
# Built for x86_64-pc-linux-gnu
# Copyright (C) 1988-2020 Free Software Foundation, Inc.
# License GPLv3+: GNU GPL version 3 or later <http://gnu.org/licenses/gpl.html>
# This is free software: you are free to change and redistribute it.
# There is NO WARRANTY, to the extent permitted by law.

# Make data base, printed on Sat Jul  2 09:41:06 2022

# Variables

# makefile (from 'Makefile', line 37)
OBJ = $(patsubst $(SRC_FOLDER)%.cpp, $(OBJ_FOLDER)%.o, $(SRC))
# environment
GDK_BACKEND = x11
# environment
LC_ALL = C
# makefile (from 'Makefile', line 36)
SRC = $(wildcard $(SRC_FOLDER)*.cpp)
# environment
GNOME_SHELL_SESSION_MODE = ubuntu
# environment
SSH_AGENT_LAUNCHER = gnome-keyring
# environment
SNAP_INSTANCE_KEY = 
# environment
GJS_DEBUG_OUTPUT = stderr
# environment
VSCODE_IPC_HOOK_EXTHOST = /run/user/1000/vscode-ipc-fcbfce73-32d8-49e9-b9e2-6894d364215e.sock
# environment
LC_NAME = pt_BR.UTF-8
# environment
LC_NUMERIC = pt_BR.UTF-8
# environment
VSCODE_CWD = /home/rahzel
# environment
LC_ADDRESS = pt_BR.UTF-8
# default
MAKE_COMMAND := make
# environment
QT_ACCESSIBILITY = 1
# automatic
@D = $(patsubst %/,%,$(dir $@))
# environment
SNAP_INSTANCE_NAME = code
# environment
GDK_PIXBUF_MODULEDIR = /snap/code/99/usr/lib/x86_64-linux-gnu/gdk-pixbuf-2.0/2.10.0/loaders
# environment
VSCODE_HANDLES_UNCAUGHT_ERRORS = true
# default
.VARIABLES := 
# environment
PWD = /home/rahzel/Desktop/Projetos/TP2_EstruturaDeDados/TP2_git
# automatic
%D = $(patsubst %/,%,$(dir $%))
# environment
XDG_DATA_DIRS = /usr/share/ubuntu:/usr/local/share/:/usr/share/:/var/lib/snapd/desktop
# automatic
^D = $(patsubst %/,%,$(dir $^))
# environment
VSCODE_LOG_STACK = false
# automatic
%F = $(notdir $%)
# environment
VSCODE_CODE_CACHE_PATH = /home/rahzel/.config/Code/CachedData/30d9c6cd9483b2cc586687151bcbcd635f373630
# environment
LANG = C
# environment
XAUTHORITY = /run/user/1000/.mutter-Xwaylandauth.CR57O1
# default
.LOADED := 
# default
.INCLUDE_DIRS = /usr/local/include /usr/include /usr/include
# makefile
MAKEFLAGS = pqrR
# makefile
CURDIR := /home/rahzel/Desktop/Projetos/TP2_EstruturaDeDados/TP2_git
# environment
VSCODE_PIPE_LOGGING = true
# environment
APPLICATION_INSIGHTS_NO_DIAGNOSTIC_CHANNEL = 1
# environment
LESSOPEN = | /usr/bin/lesspipe %s
# automatic
*D = $(patsubst %/,%,$(dir $*))
# environment
MFLAGS = -pqrR
# environment
SSH_AUTH_SOCK = /run/user/1000/keyring/ssh
# default
.SHELLFLAGS := -c
# environment
WAYLAND_DISPLAY = wayland-0
# environment
XDG_CONFIG_DIRS = /etc/xdg/xdg-ubuntu:/etc/xdg
# automatic
+D = $(patsubst %/,%,$(dir $+))
# environment
XDG_SESSION_DESKTOP = ubuntu
# makefile (from 'Makefile', line 1)
MAKEFILE_LIST := Makefile
# environment
SNAP_REEXEC = 
# automatic
@F = $(notdir $@)
# environment
VSCODE_VERBOSE_LOGGING = true
# environment
VSCODE_PID = 3158
# environment
XDG_SESSION_TYPE = wayland
# automatic
?D = $(patsubst %/,%,$(dir $?))
# environment
BAMF_DESKTOP_FILE_HINT = /var/lib/snapd/desktop/applications/code_code.desktop
# makefile (from 'Makefile', line 30)
OBJ_FOLDER = ./obj/
# environment
SESSION_MANAGER = local/rahzel-ThinkPad-L13-Gen-1:@/tmp/.ICE-unix/1897,unix/rahzel-ThinkPad-L13-Gen-1:/tmp/.ICE-unix/1897
# automatic
*F = $(notdir $*)
# environment
CHROME_DESKTOP = code-url-handler.desktop
# environment
DBUS_SESSION_BUS_ADDRESS = unix:path=/run/user/1000/bus
# automatic
<D = $(patsubst %/,%,$(dir $<))
# environment
VSCODE_NLS_CONFIG = {"locale":"en-us","availableLanguages":{},"_languagePackSupport":true}
# default
MAKE_HOST := x86_64-pc-linux-gnu
# environment
GNOME_DESKTOP_SESSION_ID = this-is-deprecated
# makefile
SHELL = /bin/sh
# default
MAKECMDGOALS := all
# environment
XMODIFIERS = @im=ibus
# makefile (from 'Makefile', line 31)
SRC_FOLDER = ./src/
# environment
GJS_DEBUG_TOPICS = JS ERROR;JS LOG
# environment
SHLVL = 0
# environment
MAKELEVEL := 0
# environment
IM_CONFIG_CHECK_ENV = 1
# default
MAKE = $(MAKE_COMMAND)
# environment
SNAP_COOKIE = xU2Z8b6nNVON8WEnzpTU9_8J_mS1zz_nhVDrY0F-UNT5ImiIuk7F
# environment
PATH = /usr/local/sbin:/usr/local/bin:/usr/sbin:/usr/bin:/sbin:/bin:/usr/games:/usr/local/games:/snap/bin:/snap/bin
# default
MAKEFILES := 
# environment
LC_MONETARY = pt_BR.UTF-8
# automatic
^F = $(notdir $^)
# environment
SNAP_USER_COMMON = /home/rahzel/snap/code/common
# environment
LC_TIME = pt_BR.UTF-8
# environment
SNAP = /snap/code/99
# makefile (from 'Makefile', line 34)
MAIN = Main
# environment
INVOCATION_ID = f3a2db19d15a428fbda696f7b55bc3e9
# environment
SNAP_REVISION = 99
# environment
SNAP_REAL_HOME = /home/rahzel
# environment
VSCODE_LOG_NATIVE = false
# environment
USERNAME = rahzel
# environment
GNOME_SETUP_DISPLAY = :1
# environment
LC_TELEPHONE = pt_BR.UTF-8
# environment
LESSCLOSE = /usr/bin/lesspipe %s %s
# automatic
?F = $(notdir $?)
# environment
XDG_CURRENT_DESKTOP = Unity
# environment
LS_COLORS = 
# automatic
+F = $(notdir $+)
# environment
DESKTOP_SESSION = ubuntu
# environment
ORIGINAL_XDG_CURRENT_DESKTOP = ubuntu:GNOME
# 'override' directive
GNUMAKEFLAGS := 
# environment
LOGNAME = rahzel
# makefile (from 'Makefile', line 29)
BIN_FOLDER = ./bin/
# environment
GIO_LAUNCHED_DESKTOP_FILE = /var/lib/snapd/desktop/applications/code_code.desktop
# environment
SNAP_ARCH = amd64
# makefile
.DEFAULT_GOAL := all
# environment
SYSTEMD_EXEC_PID = 1936
# environment
DISPLAY = :0
# environment
USER = rahzel
# environment
GTK_MODULES = gail:atk-bridge
# default
MAKE_VERSION := 4.3
# environment
DISABLE_WAYLAND = 1
# environment
SNAP_DATA = /var/snap/code/99
# environment
SNAP_CONTEXT = xU2Z8b6nNVON8WEnzpTU9_8J_mS1zz_nhVDrY0F-UNT5ImiIuk7F
# environment
MANAGERPID = 1754
# environment
LC_MEASUREMENT = pt_BR.UTF-8
# environment
GIO_LAUNCHED_DESKTOP_FILE_PID = 3107
# environment
_ = /snap/code/99/usr/share/code/code
# environment
LC_PAPER = pt_BR.UTF-8
# environment
XDG_RUNTIME_DIR = /run/user/1000
# environment
GDK_PIXBUF_MODULE_FILE = /home/rahzel/snap/code/common/.cache/gdk-pixbuf-loaders.cache
# environment
LC_CTYPE = pt_BR.UTF-8
# environment
JOURNAL_STREAM = 8:34389
# environment
XDG_SESSION_CLASS = user
# environment
VSCODE_AMD_ENTRYPOINT = vs/workbench/api/node/extensionHostProcess
# environment
HOME = /home/rahzel
# environment
QT_IM_MODULE = ibus
# environment
ELECTRON_RUN_AS_NODE = 1
# environment
VSCODE_IPC_HOOK = /run/user/1000/vscode-0863c911-1.68.1-main.sock
# environment
SNAP_NAME = code
# environment
GSETTINGS_SCHEMA_DIR = /snap/code/99/usr/share/glib-2.0/schemas
# environment
IM_CONFIG_PHASE = 1
# default
.RECIPEPREFIX := 
# automatic
<F = $(notdir $<)
# environment
SNAP_VERSION = 30d9c6cd
# default
SUFFIXES := 
# makefile (from 'Makefile', line 35)
TARGET = tp2.out
# environment
VSCODE_CLI = 1
# environment
ELECTRON_NO_ATTACH_CONSOLE = 1
# environment
SNAP_COMMON = /var/snap/code/common
# makefile (from 'Makefile', line 24)
CXXFLAGS = -std=c++11 -g -Wall
 
# makefile (from 'Makefile', line 28)
INCLUDE_FOLDER = ./include/
# default
.FEATURES := target-specific order-only second-expansion else-if shortest-stem undefine oneshell nocomment grouped-target extra-prereqs archives jobserver output-sync check-symlink load
# makefile (from 'Makefile', line 23)
CC = g++
# environment
SNAP_USER_DATA = /home/rahzel/snap/code/99
# environment
XDG_MENU_PREFIX = gnome-
# environment
GDMSESSION = ubuntu
# environment
LC_IDENTIFICATION = pt_BR.UTF-8
# environment
SNAP_LIBRARY_PATH = /var/lib/snapd/lib/gl:/var/lib/snapd/lib/gl32:/var/lib/snapd/void
# variable set hash-table stats:
# Load=142/1024=14%, Rehash=0, Collisions=7/185=4%

# Pattern-specific Variable Values

# No pattern-specific variable values.

# Directories

# src (device 66309, inode 2624806): 7 files, no impossibilities.
# . (device 66309, inode 2624794): 10 files, no impossibilities.
# ./src (device 66309, inode 2624806): 7 files, no impossibilities.

# 24 files, no impossibilities in 3 directories.

# Implicit Rules

obj/%.o: src/%.cpp
#  recipe to execute (from 'Makefile', line 40):
	$(CC) $(CXXFLAGS) -c $< -o $@ -I$(INCLUDE_FOLDER)

# 1 implicit rules, 0 (0.0%) terminal.
# Files

# Not a target:
obj/main.o:
#  Implicit rule search has not been done.
#  Modification time never checked.
#  File has not been updated.

obj/List.o: src/List.cpp
#  Implicit rule search has been done.
#  Implicit/static pattern stem: 'List'
#  Last modified 2022-07-01 17:27:34.948693459
#  File has been updated.
#  Successfully updated.
#  recipe to execute (from 'Makefile', line 40):
	$(CC) $(CXXFLAGS) -c $< -o $@ -I$(INCLUDE_FOLDER)

# Not a target:
src/List.cpp:
#  Implicit rule search has been done.
#  Last modified 2022-07-01 17:11:58.743331673
#  File has been updated.
#  Successfully updated.

# Not a target:
Makefile:
#  Implicit rule search has been done.
#  Last modified 2022-06-21 11:21:27.018349
#  File has been updated.
#  Successfully updated.

clean:
#  Implicit rule search has not been done.
#  Modification time never checked.
#  File has not been updated.
#  recipe to execute (from 'Makefile', line 46):
	@rm -rf $(OBJ_FOLDER)* $(BIN_FOLDER)*

obj/Node.o: src/Node.cpp
#  Implicit rule search has been done.
#  Implicit/static pattern stem: 'Node'
#  Last modified 2022-07-01 17:27:36.68068933
#  File has been updated.
#  Successfully updated.
#  recipe to execute (from 'Makefile', line 40):
	$(CC) $(CXXFLAGS) -c $< -o $@ -I$(INCLUDE_FOLDER)

# Not a target:
.DEFAULT:
#  Implicit rule search has not been done.
#  Modification time never checked.
#  File has not been updated.

all: obj/List.o obj/Node.o obj/Sort.o obj/Word.o obj/main.o
#  Command line target.
#  Implicit rule search has not been done.
#  File does not exist.
#  File has been updated.
#  Needs to be updated (-q is set).
# variable set hash-table stats:
# Load=0/32=0%, Rehash=0, Collisions=0/6=0%
#  recipe to execute (from 'Makefile', line 43):
	$(CC) $(CXXFLAGS) -o $(BIN_FOLDER)$(TARGET) $(OBJ)

obj/Sort.o: src/Sort.cpp
#  Implicit rule search has been done.
#  Implicit/static pattern stem: 'Sort'
#  Last modified 2022-07-01 17:27:37.380687659
#  File has been updated.
#  Needs to be updated (-q is set).
# automatic
# @ := obj/Sort.o
# automatic
# * := Sort
# automatic
# < := src/Sort.cpp
# automatic
# + := src/Sort.cpp
# automatic
# % := 
# automatic
# ^ := src/Sort.cpp
# automatic
# ? := src/Sort.cpp
# automatic
# | := 
# variable set hash-table stats:
# Load=8/32=25%, Rehash=0, Collisions=2/16=12%
#  recipe to execute (from 'Makefile', line 40):
	$(CC) $(CXXFLAGS) -c $< -o $@ -I$(INCLUDE_FOLDER)

# Not a target:
src/Sort.cpp:
#  Implicit rule search has been done.
#  Last modified 2022-07-01 17:36:40.640061032
#  File has been updated.
#  Successfully updated.

# Not a target:
src/Node.cpp:
#  Implicit rule search has been done.
#  Last modified 2022-07-01 16:54:57.662848896
#  File has been updated.
#  Successfully updated.

# Not a target:
obj/Word.o:
#  Implicit rule search has not been done.
#  Modification time never checked.
#  File has not been updated.

# files hash-table stats:
# Load=13/1024=1%, Rehash=0, Collisions=0/38=0%
# VPATH Search Paths

# No 'vpath' search paths.

# No general ('VPATH' variable) search path.

# strcache buffers: 1 (0) / strings = 35 / storage = 303 B / avg = 8 B
# current buf: size = 8162 B / used = 303 B / count = 35 / avg = 8 B

# strcache performance: lookups = 48 / hit rate = 27%
# hash-table stats:
# Load=35/8192=0%, Rehash=0, Collisions=0/48=0%
# Finished Make data base on Sat Jul  2 09:41:06 2022

 
